** [Honeybadger] Installing Thor integration
DEPRECATION WARNING: Currently, Active Record suppresses errors raised within `after_rollback`/`after_commit` callbacks and only print them to the logs. In the next version, these errors will no longer be suppressed. Instead, the errors will propagate normally just like in other Active Record callbacks.

You can opt into the new behavior and remove this warning by setting:

  config.active_record.raise_in_transactional_callbacks = true

 (called from <class:User> at /Users/patrickogrady/workspace/idonethis-clone/app/models/user.rb:5)
DEPRECATION WARNING: Currently, Active Record suppresses errors raised within `after_rollback`/`after_commit` callbacks and only print them to the logs. In the next version, these errors will no longer be suppressed. Instead, the errors will propagate normally just like in other Active Record callbacks.

You can opt into the new behavior and remove this warning by setting:

  config.active_record.raise_in_transactional_callbacks = true

 (called from <class:User> at /Users/patrickogrady/workspace/idonethis-clone/app/models/user.rb:8)
DEPRECATION WARNING: Currently, Active Record suppresses errors raised within `after_rollback`/`after_commit` callbacks and only print them to the logs. In the next version, these errors will no longer be suppressed. Instead, the errors will propagate normally just like in other Active Record callbacks.

You can opt into the new behavior and remove this warning by setting:

  config.active_record.raise_in_transactional_callbacks = true

 (called from <class:User> at /Users/patrickogrady/workspace/idonethis-clone/app/models/user.rb:8)
** [Honeybadger] Installing Thor integration


Started GET "/" for 127.0.0.1 at 2015-01-03 11:59:58 -0500
  [1m[36mActiveRecord::SchemaMigration Load (3.2ms)[0m  [1mSELECT "schema_migrations".* FROM "schema_migrations"[0m
Processing by Devise::SessionsController#new as HTML
  Rendered users/shared/_links.erb (1.1ms)
  Rendered users/sessions/new.html.erb within layouts/application (71.4ms)
  Rendered shared/_user_right_nav.html.erb (0.8ms)
  Rendered shared/_nav.html.erb (3.9ms)
Completed 200 OK in 741ms (Views: 720.3ms | ActiveRecord: 8.0ms)


Started GET "/favicon.ico" for 127.0.0.1 at 2015-01-03 11:59:59 -0500

ActionController::RoutingError (No route matches [GET] "/favicon.ico"):
  web-console (2.0.0) lib/action_dispatch/debug_exceptions.rb:22:in `middleware_call'
  web-console (2.0.0) lib/action_dispatch/debug_exceptions.rb:13:in `call'
  actionpack (4.1.8) lib/action_dispatch/middleware/show_exceptions.rb:30:in `call'
  railties (4.1.8) lib/rails/rack/logger.rb:38:in `call_app'
  railties (4.1.8) lib/rails/rack/logger.rb:20:in `block in call'
  activesupport (4.1.8) lib/active_support/tagged_logging.rb:68:in `block in tagged'
  activesupport (4.1.8) lib/active_support/tagged_logging.rb:26:in `tagged'
  activesupport (4.1.8) lib/active_support/tagged_logging.rb:68:in `tagged'
  railties (4.1.8) lib/rails/rack/logger.rb:20:in `call'
  quiet_assets (1.1.0) lib/quiet_assets.rb:27:in `call_with_quiet_assets'
  actionpack (4.1.8) lib/action_dispatch/middleware/request_id.rb:21:in `call'
  rack (1.5.2) lib/rack/methodoverride.rb:21:in `call'
  rack (1.5.2) lib/rack/runtime.rb:17:in `call'
  activesupport (4.1.8) lib/active_support/cache/strategy/local_cache_middleware.rb:26:in `call'
  rack (1.5.2) lib/rack/lock.rb:17:in `call'
  actionpack (4.1.8) lib/action_dispatch/middleware/static.rb:84:in `call'
  rack (1.5.2) lib/rack/sendfile.rb:112:in `call'
  honeybadger (1.16.7) lib/honeybadger/rack/error_notifier.rb:43:in `call'
  honeybadger (1.16.7) lib/honeybadger/rack/user_feedback.rb:24:in `call'
  honeybadger (1.16.7) lib/honeybadger/rack/user_informer.rb:13:in `call'
  railties (4.1.8) lib/rails/engine.rb:514:in `call'
  railties (4.1.8) lib/rails/application.rb:144:in `call'
  rack (1.5.2) lib/rack/content_length.rb:14:in `call'
  thin (1.6.3) lib/thin/connection.rb:86:in `block in pre_process'
  thin (1.6.3) lib/thin/connection.rb:84:in `catch'
  thin (1.6.3) lib/thin/connection.rb:84:in `pre_process'
  thin (1.6.3) lib/thin/connection.rb:53:in `process'
  thin (1.6.3) lib/thin/connection.rb:39:in `receive_data'
  eventmachine (1.0.4) lib/eventmachine.rb:187:in `run_machine'
  eventmachine (1.0.4) lib/eventmachine.rb:187:in `run'
  thin (1.6.3) lib/thin/backends/base.rb:73:in `start'
  thin (1.6.3) lib/thin/server.rb:162:in `start'
  rack (1.5.2) lib/rack/handler/thin.rb:16:in `run'
  rack (1.5.2) lib/rack/server.rb:264:in `start'
  railties (4.1.8) lib/rails/commands/server.rb:69:in `start'
  railties (4.1.8) lib/rails/commands/commands_tasks.rb:81:in `block in server'
  railties (4.1.8) lib/rails/commands/commands_tasks.rb:76:in `tap'
  railties (4.1.8) lib/rails/commands/commands_tasks.rb:76:in `server'
  railties (4.1.8) lib/rails/commands/commands_tasks.rb:40:in `run_command!'
  railties (4.1.8) lib/rails/commands.rb:17:in `<top (required)>'
  bin/rails:8:in `require'
  bin/rails:8:in `<top (required)>'
  spring (1.2.0) lib/spring/client/rails.rb:27:in `load'
  spring (1.2.0) lib/spring/client/rails.rb:27:in `call'
  spring (1.2.0) lib/spring/client/command.rb:7:in `call'
  spring (1.2.0) lib/spring/client.rb:26:in `run'
  spring (1.2.0) bin/spring:48:in `<top (required)>'
  spring (1.2.0) lib/spring/binstub.rb:11:in `load'
  spring (1.2.0) lib/spring/binstub.rb:11:in `<top (required)>'
  /Users/patrickogrady/.rbenv/versions/2.2.0/lib/ruby/2.2.0/rubygems/core_ext/kernel_require.rb:54:in `require'
  /Users/patrickogrady/.rbenv/versions/2.2.0/lib/ruby/2.2.0/rubygems/core_ext/kernel_require.rb:54:in `require'
  bin/spring:16:in `<top (required)>'
  bin/rails:3:in `load'
  bin/rails:3:in `<main>'


  Rendered /Users/patrickogrady/.rbenv/versions/2.2.0/lib/ruby/gems/2.2.0/gems/web-console-2.0.0/lib/action_dispatch/templates/rescues/_trace.html.erb (2.9ms)
  Rendered /Users/patrickogrady/.rbenv/versions/2.2.0/lib/ruby/gems/2.2.0/gems/web-console-2.0.0/lib/action_dispatch/templates/routes/_route.html.erb (10.8ms)
  Rendered /Users/patrickogrady/.rbenv/versions/2.2.0/lib/ruby/gems/2.2.0/gems/web-console-2.0.0/lib/action_dispatch/templates/routes/_table.html.erb (2.2ms)
  Rendered /Users/patrickogrady/.rbenv/versions/2.2.0/lib/ruby/gems/2.2.0/gems/web-console-2.0.0/lib/action_dispatch/templates/rescues/_request_and_response.html.erb (0.8ms)
  Rendered /Users/patrickogrady/.rbenv/versions/2.2.0/lib/ruby/gems/2.2.0/gems/web-console-2.0.0/lib/action_dispatch/templates/rescues/_web_console.html.erb (1.0ms)
  Rendered /Users/patrickogrady/.rbenv/versions/2.2.0/lib/ruby/gems/2.2.0/gems/web-console-2.0.0/lib/action_dispatch/templates/rescues/routing_error.html.erb within rescues/layout (150.9ms)


Started GET "/companies/sidekick/localhost/company_data.json" for 127.0.0.1 at 2015-01-03 12:00:00 -0500

ActionController::RoutingError (No route matches [GET] "/companies/sidekick/localhost/company_data.json"):
  web-console (2.0.0) lib/action_dispatch/debug_exceptions.rb:22:in `middleware_call'
  web-console (2.0.0) lib/action_dispatch/debug_exceptions.rb:13:in `call'
  actionpack (4.1.8) lib/action_dispatch/middleware/show_exceptions.rb:30:in `call'
  railties (4.1.8) lib/rails/rack/logger.rb:38:in `call_app'
  railties (4.1.8) lib/rails/rack/logger.rb:20:in `block in call'
  activesupport (4.1.8) lib/active_support/tagged_logging.rb:68:in `block in tagged'
  activesupport (4.1.8) lib/active_support/tagged_logging.rb:26:in `tagged'
  activesupport (4.1.8) lib/active_support/tagged_logging.rb:68:in `tagged'
  railties (4.1.8) lib/rails/rack/logger.rb:20:in `call'
  quiet_assets (1.1.0) lib/quiet_assets.rb:27:in `call_with_quiet_assets'
  actionpack (4.1.8) lib/action_dispatch/middleware/request_id.rb:21:in `call'
  rack (1.5.2) lib/rack/methodoverride.rb:21:in `call'
  rack (1.5.2) lib/rack/runtime.rb:17:in `call'
  activesupport (4.1.8) lib/active_support/cache/strategy/local_cache_middleware.rb:26:in `call'
  rack (1.5.2) lib/rack/lock.rb:17:in `call'
  actionpack (4.1.8) lib/action_dispatch/middleware/static.rb:84:in `call'
  rack (1.5.2) lib/rack/sendfile.rb:112:in `call'
  honeybadger (1.16.7) lib/honeybadger/rack/error_notifier.rb:43:in `call'
  honeybadger (1.16.7) lib/honeybadger/rack/user_feedback.rb:24:in `call'
  honeybadger (1.16.7) lib/honeybadger/rack/user_informer.rb:13:in `call'
  railties (4.1.8) lib/rails/engine.rb:514:in `call'
  railties (4.1.8) lib/rails/application.rb:144:in `call'
  rack (1.5.2) lib/rack/content_length.rb:14:in `call'
  thin (1.6.3) lib/thin/connection.rb:86:in `block in pre_process'
  thin (1.6.3) lib/thin/connection.rb:84:in `catch'
  thin (1.6.3) lib/thin/connection.rb:84:in `pre_process'
  thin (1.6.3) lib/thin/connection.rb:53:in `process'
  thin (1.6.3) lib/thin/connection.rb:39:in `receive_data'
  eventmachine (1.0.4) lib/eventmachine.rb:187:in `run_machine'
  eventmachine (1.0.4) lib/eventmachine.rb:187:in `run'
  thin (1.6.3) lib/thin/backends/base.rb:73:in `start'
  thin (1.6.3) lib/thin/server.rb:162:in `start'
  rack (1.5.2) lib/rack/handler/thin.rb:16:in `run'
  rack (1.5.2) lib/rack/server.rb:264:in `start'
  railties (4.1.8) lib/rails/commands/server.rb:69:in `start'
  railties (4.1.8) lib/rails/commands/commands_tasks.rb:81:in `block in server'
  railties (4.1.8) lib/rails/commands/commands_tasks.rb:76:in `tap'
  railties (4.1.8) lib/rails/commands/commands_tasks.rb:76:in `server'
  railties (4.1.8) lib/rails/commands/commands_tasks.rb:40:in `run_command!'
  railties (4.1.8) lib/rails/commands.rb:17:in `<top (required)>'
  bin/rails:8:in `require'
  bin/rails:8:in `<top (required)>'
  spring (1.2.0) lib/spring/client/rails.rb:27:in `load'
  spring (1.2.0) lib/spring/client/rails.rb:27:in `call'
  spring (1.2.0) lib/spring/client/command.rb:7:in `call'
  spring (1.2.0) lib/spring/client.rb:26:in `run'
  spring (1.2.0) bin/spring:48:in `<top (required)>'
  spring (1.2.0) lib/spring/binstub.rb:11:in `load'
  spring (1.2.0) lib/spring/binstub.rb:11:in `<top (required)>'
  /Users/patrickogrady/.rbenv/versions/2.2.0/lib/ruby/2.2.0/rubygems/core_ext/kernel_require.rb:54:in `require'
  /Users/patrickogrady/.rbenv/versions/2.2.0/lib/ruby/2.2.0/rubygems/core_ext/kernel_require.rb:54:in `require'
  bin/spring:16:in `<top (required)>'
  bin/rails:3:in `load'
  bin/rails:3:in `<main>'


  Rendered /Users/patrickogrady/.rbenv/versions/2.2.0/lib/ruby/gems/2.2.0/gems/web-console-2.0.0/lib/action_dispatch/templates/rescues/_trace.text.erb (0.5ms)
  Rendered /Users/patrickogrady/.rbenv/versions/2.2.0/lib/ruby/gems/2.2.0/gems/web-console-2.0.0/lib/action_dispatch/templates/rescues/routing_error.text.erb (17.1ms)


Started GET "/" for 127.0.0.1 at 2015-01-03 12:00:02 -0500
Processing by Devise::SessionsController#new as HTML
  Rendered users/shared/_links.erb (0.4ms)
  Rendered users/sessions/new.html.erb within layouts/application (12.7ms)
  Rendered shared/_user_right_nav.html.erb (0.7ms)
  Rendered shared/_nav.html.erb (4.1ms)
Completed 200 OK in 45ms (Views: 44.5ms | ActiveRecord: 0.0ms)


Started GET "/companies/sidekick/localhost/company_data.json" for 127.0.0.1 at 2015-01-03 12:00:02 -0500

ActionController::RoutingError (No route matches [GET] "/companies/sidekick/localhost/company_data.json"):
  web-console (2.0.0) lib/action_dispatch/debug_exceptions.rb:22:in `middleware_call'
  web-console (2.0.0) lib/action_dispatch/debug_exceptions.rb:13:in `call'
  actionpack (4.1.8) lib/action_dispatch/middleware/show_exceptions.rb:30:in `call'
  railties (4.1.8) lib/rails/rack/logger.rb:38:in `call_app'
  railties (4.1.8) lib/rails/rack/logger.rb:20:in `block in call'
  activesupport (4.1.8) lib/active_support/tagged_logging.rb:68:in `block in tagged'
  activesupport (4.1.8) lib/active_support/tagged_logging.rb:26:in `tagged'
  activesupport (4.1.8) lib/active_support/tagged_logging.rb:68:in `tagged'
  railties (4.1.8) lib/rails/rack/logger.rb:20:in `call'
  quiet_assets (1.1.0) lib/quiet_assets.rb:27:in `call_with_quiet_assets'
  actionpack (4.1.8) lib/action_dispatch/middleware/request_id.rb:21:in `call'
  rack (1.5.2) lib/rack/methodoverride.rb:21:in `call'
  rack (1.5.2) lib/rack/runtime.rb:17:in `call'
  activesupport (4.1.8) lib/active_support/cache/strategy/local_cache_middleware.rb:26:in `call'
  rack (1.5.2) lib/rack/lock.rb:17:in `call'
  actionpack (4.1.8) lib/action_dispatch/middleware/static.rb:84:in `call'
  rack (1.5.2) lib/rack/sendfile.rb:112:in `call'
  honeybadger (1.16.7) lib/honeybadger/rack/error_notifier.rb:43:in `call'
  honeybadger (1.16.7) lib/honeybadger/rack/user_feedback.rb:24:in `call'
  honeybadger (1.16.7) lib/honeybadger/rack/user_informer.rb:13:in `call'
  railties (4.1.8) lib/rails/engine.rb:514:in `call'
  railties (4.1.8) lib/rails/application.rb:144:in `call'
  rack (1.5.2) lib/rack/content_length.rb:14:in `call'
  thin (1.6.3) lib/thin/connection.rb:86:in `block in pre_process'
  thin (1.6.3) lib/thin/connection.rb:84:in `catch'
  thin (1.6.3) lib/thin/connection.rb:84:in `pre_process'
  thin (1.6.3) lib/thin/connection.rb:53:in `process'
  thin (1.6.3) lib/thin/connection.rb:39:in `receive_data'
  eventmachine (1.0.4) lib/eventmachine.rb:187:in `run_machine'
  eventmachine (1.0.4) lib/eventmachine.rb:187:in `run'
  thin (1.6.3) lib/thin/backends/base.rb:73:in `start'
  thin (1.6.3) lib/thin/server.rb:162:in `start'
  rack (1.5.2) lib/rack/handler/thin.rb:16:in `run'
  rack (1.5.2) lib/rack/server.rb:264:in `start'
  railties (4.1.8) lib/rails/commands/server.rb:69:in `start'
  railties (4.1.8) lib/rails/commands/commands_tasks.rb:81:in `block in server'
  railties (4.1.8) lib/rails/commands/commands_tasks.rb:76:in `tap'
  railties (4.1.8) lib/rails/commands/commands_tasks.rb:76:in `server'
  railties (4.1.8) lib/rails/commands/commands_tasks.rb:40:in `run_command!'
  railties (4.1.8) lib/rails/commands.rb:17:in `<top (required)>'
  bin/rails:8:in `require'
  bin/rails:8:in `<top (required)>'
  spring (1.2.0) lib/spring/client/rails.rb:27:in `load'
  spring (1.2.0) lib/spring/client/rails.rb:27:in `call'
  spring (1.2.0) lib/spring/client/command.rb:7:in `call'
  spring (1.2.0) lib/spring/client.rb:26:in `run'
  spring (1.2.0) bin/spring:48:in `<top (required)>'
  spring (1.2.0) lib/spring/binstub.rb:11:in `load'
  spring (1.2.0) lib/spring/binstub.rb:11:in `<top (required)>'
  /Users/patrickogrady/.rbenv/versions/2.2.0/lib/ruby/2.2.0/rubygems/core_ext/kernel_require.rb:54:in `require'
  /Users/patrickogrady/.rbenv/versions/2.2.0/lib/ruby/2.2.0/rubygems/core_ext/kernel_require.rb:54:in `require'
  bin/spring:16:in `<top (required)>'
  bin/rails:3:in `load'
  bin/rails:3:in `<main>'


  Rendered /Users/patrickogrady/.rbenv/versions/2.2.0/lib/ruby/gems/2.2.0/gems/web-console-2.0.0/lib/action_dispatch/templates/rescues/_trace.text.erb (0.6ms)
  Rendered /Users/patrickogrady/.rbenv/versions/2.2.0/lib/ruby/gems/2.2.0/gems/web-console-2.0.0/lib/action_dispatch/templates/rescues/routing_error.text.erb (23.5ms)


Started GET "/" for 127.0.0.1 at 2015-01-03 12:00:03 -0500
Processing by Devise::SessionsController#new as HTML
  Rendered users/shared/_links.erb (0.3ms)
  Rendered users/sessions/new.html.erb within layouts/application (10.7ms)
  Rendered shared/_user_right_nav.html.erb (0.4ms)
  Rendered shared/_nav.html.erb (3.4ms)
Completed 200 OK in 43ms (Views: 41.9ms | ActiveRecord: 0.0ms)


Started GET "/companies/sidekick/localhost/company_data.json" for 127.0.0.1 at 2015-01-03 12:00:03 -0500

ActionController::RoutingError (No route matches [GET] "/companies/sidekick/localhost/company_data.json"):
  web-console (2.0.0) lib/action_dispatch/debug_exceptions.rb:22:in `middleware_call'
  web-console (2.0.0) lib/action_dispatch/debug_exceptions.rb:13:in `call'
  actionpack (4.1.8) lib/action_dispatch/middleware/show_exceptions.rb:30:in `call'
  railties (4.1.8) lib/rails/rack/logger.rb:38:in `call_app'
  railties (4.1.8) lib/rails/rack/logger.rb:20:in `block in call'
  activesupport (4.1.8) lib/active_support/tagged_logging.rb:68:in `block in tagged'
  activesupport (4.1.8) lib/active_support/tagged_logging.rb:26:in `tagged'
  activesupport (4.1.8) lib/active_support/tagged_logging.rb:68:in `tagged'
  railties (4.1.8) lib/rails/rack/logger.rb:20:in `call'
  quiet_assets (1.1.0) lib/quiet_assets.rb:27:in `call_with_quiet_assets'
  actionpack (4.1.8) lib/action_dispatch/middleware/request_id.rb:21:in `call'
  rack (1.5.2) lib/rack/methodoverride.rb:21:in `call'
  rack (1.5.2) lib/rack/runtime.rb:17:in `call'
  activesupport (4.1.8) lib/active_support/cache/strategy/local_cache_middleware.rb:26:in `call'
  rack (1.5.2) lib/rack/lock.rb:17:in `call'
  actionpack (4.1.8) lib/action_dispatch/middleware/static.rb:84:in `call'
  rack (1.5.2) lib/rack/sendfile.rb:112:in `call'
  honeybadger (1.16.7) lib/honeybadger/rack/error_notifier.rb:43:in `call'
  honeybadger (1.16.7) lib/honeybadger/rack/user_feedback.rb:24:in `call'
  honeybadger (1.16.7) lib/honeybadger/rack/user_informer.rb:13:in `call'
  railties (4.1.8) lib/rails/engine.rb:514:in `call'
  railties (4.1.8) lib/rails/application.rb:144:in `call'
  rack (1.5.2) lib/rack/content_length.rb:14:in `call'
  thin (1.6.3) lib/thin/connection.rb:86:in `block in pre_process'
  thin (1.6.3) lib/thin/connection.rb:84:in `catch'
  thin (1.6.3) lib/thin/connection.rb:84:in `pre_process'
  thin (1.6.3) lib/thin/connection.rb:53:in `process'
  thin (1.6.3) lib/thin/connection.rb:39:in `receive_data'
  eventmachine (1.0.4) lib/eventmachine.rb:187:in `run_machine'
  eventmachine (1.0.4) lib/eventmachine.rb:187:in `run'
  thin (1.6.3) lib/thin/backends/base.rb:73:in `start'
  thin (1.6.3) lib/thin/server.rb:162:in `start'
  rack (1.5.2) lib/rack/handler/thin.rb:16:in `run'
  rack (1.5.2) lib/rack/server.rb:264:in `start'
  railties (4.1.8) lib/rails/commands/server.rb:69:in `start'
  railties (4.1.8) lib/rails/commands/commands_tasks.rb:81:in `block in server'
  railties (4.1.8) lib/rails/commands/commands_tasks.rb:76:in `tap'
  railties (4.1.8) lib/rails/commands/commands_tasks.rb:76:in `server'
  railties (4.1.8) lib/rails/commands/commands_tasks.rb:40:in `run_command!'
  railties (4.1.8) lib/rails/commands.rb:17:in `<top (required)>'
  bin/rails:8:in `require'
  bin/rails:8:in `<top (required)>'
  spring (1.2.0) lib/spring/client/rails.rb:27:in `load'
  spring (1.2.0) lib/spring/client/rails.rb:27:in `call'
  spring (1.2.0) lib/spring/client/command.rb:7:in `call'
  spring (1.2.0) lib/spring/client.rb:26:in `run'
  spring (1.2.0) bin/spring:48:in `<top (required)>'
  spring (1.2.0) lib/spring/binstub.rb:11:in `load'
  spring (1.2.0) lib/spring/binstub.rb:11:in `<top (required)>'
  /Users/patrickogrady/.rbenv/versions/2.2.0/lib/ruby/2.2.0/rubygems/core_ext/kernel_require.rb:54:in `require'
  /Users/patrickogrady/.rbenv/versions/2.2.0/lib/ruby/2.2.0/rubygems/core_ext/kernel_require.rb:54:in `require'
  bin/spring:16:in `<top (required)>'
  bin/rails:3:in `load'
  bin/rails:3:in `<main>'


  Rendered /Users/patrickogrady/.rbenv/versions/2.2.0/lib/ruby/gems/2.2.0/gems/web-console-2.0.0/lib/action_dispatch/templates/rescues/_trace.text.erb (0.7ms)
  Rendered /Users/patrickogrady/.rbenv/versions/2.2.0/lib/ruby/gems/2.2.0/gems/web-console-2.0.0/lib/action_dispatch/templates/rescues/routing_error.text.erb (17.9ms)


Started GET "/pages/about" for 127.0.0.1 at 2015-01-03 12:00:03 -0500
Processing by PagesController#about as HTML
  Rendered pages/about.html.erb within layouts/application (0.3ms)
  Rendered shared/_user_right_nav.html.erb (0.5ms)
  Rendered shared/_nav.html.erb (3.5ms)
Completed 200 OK in 23ms (Views: 22.6ms | ActiveRecord: 0.0ms)


Started GET "/companies/sidekick/localhost/company_data.json" for 127.0.0.1 at 2015-01-03 12:00:04 -0500

ActionController::RoutingError (No route matches [GET] "/companies/sidekick/localhost/company_data.json"):
  web-console (2.0.0) lib/action_dispatch/debug_exceptions.rb:22:in `middleware_call'
  web-console (2.0.0) lib/action_dispatch/debug_exceptions.rb:13:in `call'
  actionpack (4.1.8) lib/action_dispatch/middleware/show_exceptions.rb:30:in `call'
  railties (4.1.8) lib/rails/rack/logger.rb:38:in `call_app'
  railties (4.1.8) lib/rails/rack/logger.rb:20:in `block in call'
  activesupport (4.1.8) lib/active_support/tagged_logging.rb:68:in `block in tagged'
  activesupport (4.1.8) lib/active_support/tagged_logging.rb:26:in `tagged'
  activesupport (4.1.8) lib/active_support/tagged_logging.rb:68:in `tagged'
  railties (4.1.8) lib/rails/rack/logger.rb:20:in `call'
  quiet_assets (1.1.0) lib/quiet_assets.rb:27:in `call_with_quiet_assets'
  actionpack (4.1.8) lib/action_dispatch/middleware/request_id.rb:21:in `call'
  rack (1.5.2) lib/rack/methodoverride.rb:21:in `call'
  rack (1.5.2) lib/rack/runtime.rb:17:in `call'
  activesupport (4.1.8) lib/active_support/cache/strategy/local_cache_middleware.rb:26:in `call'
  rack (1.5.2) lib/rack/lock.rb:17:in `call'
  actionpack (4.1.8) lib/action_dispatch/middleware/static.rb:84:in `call'
  rack (1.5.2) lib/rack/sendfile.rb:112:in `call'
  honeybadger (1.16.7) lib/honeybadger/rack/error_notifier.rb:43:in `call'
  honeybadger (1.16.7) lib/honeybadger/rack/user_feedback.rb:24:in `call'
  honeybadger (1.16.7) lib/honeybadger/rack/user_informer.rb:13:in `call'
  railties (4.1.8) lib/rails/engine.rb:514:in `call'
  railties (4.1.8) lib/rails/application.rb:144:in `call'
  rack (1.5.2) lib/rack/content_length.rb:14:in `call'
  thin (1.6.3) lib/thin/connection.rb:86:in `block in pre_process'
  thin (1.6.3) lib/thin/connection.rb:84:in `catch'
  thin (1.6.3) lib/thin/connection.rb:84:in `pre_process'
  thin (1.6.3) lib/thin/connection.rb:53:in `process'
  thin (1.6.3) lib/thin/connection.rb:39:in `receive_data'
  eventmachine (1.0.4) lib/eventmachine.rb:187:in `run_machine'
  eventmachine (1.0.4) lib/eventmachine.rb:187:in `run'
  thin (1.6.3) lib/thin/backends/base.rb:73:in `start'
  thin (1.6.3) lib/thin/server.rb:162:in `start'
  rack (1.5.2) lib/rack/handler/thin.rb:16:in `run'
  rack (1.5.2) lib/rack/server.rb:264:in `start'
  railties (4.1.8) lib/rails/commands/server.rb:69:in `start'
  railties (4.1.8) lib/rails/commands/commands_tasks.rb:81:in `block in server'
  railties (4.1.8) lib/rails/commands/commands_tasks.rb:76:in `tap'
  railties (4.1.8) lib/rails/commands/commands_tasks.rb:76:in `server'
  railties (4.1.8) lib/rails/commands/commands_tasks.rb:40:in `run_command!'
  railties (4.1.8) lib/rails/commands.rb:17:in `<top (required)>'
  bin/rails:8:in `require'
  bin/rails:8:in `<top (required)>'
  spring (1.2.0) lib/spring/client/rails.rb:27:in `load'
  spring (1.2.0) lib/spring/client/rails.rb:27:in `call'
  spring (1.2.0) lib/spring/client/command.rb:7:in `call'
  spring (1.2.0) lib/spring/client.rb:26:in `run'
  spring (1.2.0) bin/spring:48:in `<top (required)>'
  spring (1.2.0) lib/spring/binstub.rb:11:in `load'
  spring (1.2.0) lib/spring/binstub.rb:11:in `<top (required)>'
  /Users/patrickogrady/.rbenv/versions/2.2.0/lib/ruby/2.2.0/rubygems/core_ext/kernel_require.rb:54:in `require'
  /Users/patrickogrady/.rbenv/versions/2.2.0/lib/ruby/2.2.0/rubygems/core_ext/kernel_require.rb:54:in `require'
  bin/spring:16:in `<top (required)>'
  bin/rails:3:in `load'
  bin/rails:3:in `<main>'


  Rendered /Users/patrickogrady/.rbenv/versions/2.2.0/lib/ruby/gems/2.2.0/gems/web-console-2.0.0/lib/action_dispatch/templates/rescues/_trace.text.erb (0.5ms)
  Rendered /Users/patrickogrady/.rbenv/versions/2.2.0/lib/ruby/gems/2.2.0/gems/web-console-2.0.0/lib/action_dispatch/templates/rescues/routing_error.text.erb (20.3ms)


Started GET "/pages/contact_us" for 127.0.0.1 at 2015-01-03 12:00:04 -0500

ActionController::RoutingError (No route matches [GET] "/pages/contact_us"):
  web-console (2.0.0) lib/action_dispatch/debug_exceptions.rb:22:in `middleware_call'
  web-console (2.0.0) lib/action_dispatch/debug_exceptions.rb:13:in `call'
  actionpack (4.1.8) lib/action_dispatch/middleware/show_exceptions.rb:30:in `call'
  railties (4.1.8) lib/rails/rack/logger.rb:38:in `call_app'
  railties (4.1.8) lib/rails/rack/logger.rb:20:in `block in call'
  activesupport (4.1.8) lib/active_support/tagged_logging.rb:68:in `block in tagged'
  activesupport (4.1.8) lib/active_support/tagged_logging.rb:26:in `tagged'
  activesupport (4.1.8) lib/active_support/tagged_logging.rb:68:in `tagged'
  railties (4.1.8) lib/rails/rack/logger.rb:20:in `call'
  quiet_assets (1.1.0) lib/quiet_assets.rb:27:in `call_with_quiet_assets'
  actionpack (4.1.8) lib/action_dispatch/middleware/request_id.rb:21:in `call'
  rack (1.5.2) lib/rack/methodoverride.rb:21:in `call'
  rack (1.5.2) lib/rack/runtime.rb:17:in `call'
  activesupport (4.1.8) lib/active_support/cache/strategy/local_cache_middleware.rb:26:in `call'
  rack (1.5.2) lib/rack/lock.rb:17:in `call'
  actionpack (4.1.8) lib/action_dispatch/middleware/static.rb:84:in `call'
  rack (1.5.2) lib/rack/sendfile.rb:112:in `call'
  honeybadger (1.16.7) lib/honeybadger/rack/error_notifier.rb:43:in `call'
  honeybadger (1.16.7) lib/honeybadger/rack/user_feedback.rb:24:in `call'
  honeybadger (1.16.7) lib/honeybadger/rack/user_informer.rb:13:in `call'
  railties (4.1.8) lib/rails/engine.rb:514:in `call'
  railties (4.1.8) lib/rails/application.rb:144:in `call'
  rack (1.5.2) lib/rack/content_length.rb:14:in `call'
  thin (1.6.3) lib/thin/connection.rb:86:in `block in pre_process'
  thin (1.6.3) lib/thin/connection.rb:84:in `catch'
  thin (1.6.3) lib/thin/connection.rb:84:in `pre_process'
  thin (1.6.3) lib/thin/connection.rb:53:in `process'
  thin (1.6.3) lib/thin/connection.rb:39:in `receive_data'
  eventmachine (1.0.4) lib/eventmachine.rb:187:in `run_machine'
  eventmachine (1.0.4) lib/eventmachine.rb:187:in `run'
  thin (1.6.3) lib/thin/backends/base.rb:73:in `start'
  thin (1.6.3) lib/thin/server.rb:162:in `start'
  rack (1.5.2) lib/rack/handler/thin.rb:16:in `run'
  rack (1.5.2) lib/rack/server.rb:264:in `start'
  railties (4.1.8) lib/rails/commands/server.rb:69:in `start'
  railties (4.1.8) lib/rails/commands/commands_tasks.rb:81:in `block in server'
  railties (4.1.8) lib/rails/commands/commands_tasks.rb:76:in `tap'
  railties (4.1.8) lib/rails/commands/commands_tasks.rb:76:in `server'
  railties (4.1.8) lib/rails/commands/commands_tasks.rb:40:in `run_command!'
  railties (4.1.8) lib/rails/commands.rb:17:in `<top (required)>'
  bin/rails:8:in `require'
  bin/rails:8:in `<top (required)>'
  spring (1.2.0) lib/spring/client/rails.rb:27:in `load'
  spring (1.2.0) lib/spring/client/rails.rb:27:in `call'
  spring (1.2.0) lib/spring/client/command.rb:7:in `call'
  spring (1.2.0) lib/spring/client.rb:26:in `run'
  spring (1.2.0) bin/spring:48:in `<top (required)>'
  spring (1.2.0) lib/spring/binstub.rb:11:in `load'
  spring (1.2.0) lib/spring/binstub.rb:11:in `<top (required)>'
  /Users/patrickogrady/.rbenv/versions/2.2.0/lib/ruby/2.2.0/rubygems/core_ext/kernel_require.rb:54:in `require'
  /Users/patrickogrady/.rbenv/versions/2.2.0/lib/ruby/2.2.0/rubygems/core_ext/kernel_require.rb:54:in `require'
  bin/spring:16:in `<top (required)>'
  bin/rails:3:in `load'
  bin/rails:3:in `<main>'


  Rendered /Users/patrickogrady/.rbenv/versions/2.2.0/lib/ruby/gems/2.2.0/gems/web-console-2.0.0/lib/action_dispatch/templates/rescues/_trace.html.erb (2.3ms)
  Rendered /Users/patrickogrady/.rbenv/versions/2.2.0/lib/ruby/gems/2.2.0/gems/web-console-2.0.0/lib/action_dispatch/templates/routes/_route.html.erb (3.3ms)
  Rendered /Users/patrickogrady/.rbenv/versions/2.2.0/lib/ruby/gems/2.2.0/gems/web-console-2.0.0/lib/action_dispatch/templates/routes/_table.html.erb (0.9ms)
  Rendered /Users/patrickogrady/.rbenv/versions/2.2.0/lib/ruby/gems/2.2.0/gems/web-console-2.0.0/lib/action_dispatch/templates/rescues/_request_and_response.html.erb (0.9ms)
  Rendered /Users/patrickogrady/.rbenv/versions/2.2.0/lib/ruby/gems/2.2.0/gems/web-console-2.0.0/lib/action_dispatch/templates/rescues/_web_console.html.erb (0.9ms)
  Rendered /Users/patrickogrady/.rbenv/versions/2.2.0/lib/ruby/gems/2.2.0/gems/web-console-2.0.0/lib/action_dispatch/templates/rescues/routing_error.html.erb within rescues/layout (132.3ms)


Started GET "/companies/sidekick/localhost/company_data.json" for 127.0.0.1 at 2015-01-03 12:00:05 -0500

ActionController::RoutingError (No route matches [GET] "/companies/sidekick/localhost/company_data.json"):
  web-console (2.0.0) lib/action_dispatch/debug_exceptions.rb:22:in `middleware_call'
  web-console (2.0.0) lib/action_dispatch/debug_exceptions.rb:13:in `call'
  actionpack (4.1.8) lib/action_dispatch/middleware/show_exceptions.rb:30:in `call'
  railties (4.1.8) lib/rails/rack/logger.rb:38:in `call_app'
  railties (4.1.8) lib/rails/rack/logger.rb:20:in `block in call'
  activesupport (4.1.8) lib/active_support/tagged_logging.rb:68:in `block in tagged'
  activesupport (4.1.8) lib/active_support/tagged_logging.rb:26:in `tagged'
  activesupport (4.1.8) lib/active_support/tagged_logging.rb:68:in `tagged'
  railties (4.1.8) lib/rails/rack/logger.rb:20:in `call'
  quiet_assets (1.1.0) lib/quiet_assets.rb:27:in `call_with_quiet_assets'
  actionpack (4.1.8) lib/action_dispatch/middleware/request_id.rb:21:in `call'
  rack (1.5.2) lib/rack/methodoverride.rb:21:in `call'
  rack (1.5.2) lib/rack/runtime.rb:17:in `call'
  activesupport (4.1.8) lib/active_support/cache/strategy/local_cache_middleware.rb:26:in `call'
  rack (1.5.2) lib/rack/lock.rb:17:in `call'
  actionpack (4.1.8) lib/action_dispatch/middleware/static.rb:84:in `call'
  rack (1.5.2) lib/rack/sendfile.rb:112:in `call'
  honeybadger (1.16.7) lib/honeybadger/rack/error_notifier.rb:43:in `call'
  honeybadger (1.16.7) lib/honeybadger/rack/user_feedback.rb:24:in `call'
  honeybadger (1.16.7) lib/honeybadger/rack/user_informer.rb:13:in `call'
  railties (4.1.8) lib/rails/engine.rb:514:in `call'
  railties (4.1.8) lib/rails/application.rb:144:in `call'
  rack (1.5.2) lib/rack/content_length.rb:14:in `call'
  thin (1.6.3) lib/thin/connection.rb:86:in `block in pre_process'
  thin (1.6.3) lib/thin/connection.rb:84:in `catch'
  thin (1.6.3) lib/thin/connection.rb:84:in `pre_process'
  thin (1.6.3) lib/thin/connection.rb:53:in `process'
  thin (1.6.3) lib/thin/connection.rb:39:in `receive_data'
  eventmachine (1.0.4) lib/eventmachine.rb:187:in `run_machine'
  eventmachine (1.0.4) lib/eventmachine.rb:187:in `run'
  thin (1.6.3) lib/thin/backends/base.rb:73:in `start'
  thin (1.6.3) lib/thin/server.rb:162:in `start'
  rack (1.5.2) lib/rack/handler/thin.rb:16:in `run'
  rack (1.5.2) lib/rack/server.rb:264:in `start'
  railties (4.1.8) lib/rails/commands/server.rb:69:in `start'
  railties (4.1.8) lib/rails/commands/commands_tasks.rb:81:in `block in server'
  railties (4.1.8) lib/rails/commands/commands_tasks.rb:76:in `tap'
  railties (4.1.8) lib/rails/commands/commands_tasks.rb:76:in `server'
  railties (4.1.8) lib/rails/commands/commands_tasks.rb:40:in `run_command!'
  railties (4.1.8) lib/rails/commands.rb:17:in `<top (required)>'
  bin/rails:8:in `require'
  bin/rails:8:in `<top (required)>'
  spring (1.2.0) lib/spring/client/rails.rb:27:in `load'
  spring (1.2.0) lib/spring/client/rails.rb:27:in `call'
  spring (1.2.0) lib/spring/client/command.rb:7:in `call'
  spring (1.2.0) lib/spring/client.rb:26:in `run'
  spring (1.2.0) bin/spring:48:in `<top (required)>'
  spring (1.2.0) lib/spring/binstub.rb:11:in `load'
  spring (1.2.0) lib/spring/binstub.rb:11:in `<top (required)>'
  /Users/patrickogrady/.rbenv/versions/2.2.0/lib/ruby/2.2.0/rubygems/core_ext/kernel_require.rb:54:in `require'
  /Users/patrickogrady/.rbenv/versions/2.2.0/lib/ruby/2.2.0/rubygems/core_ext/kernel_require.rb:54:in `require'
  bin/spring:16:in `<top (required)>'
  bin/rails:3:in `load'
  bin/rails:3:in `<main>'


  Rendered /Users/patrickogrady/.rbenv/versions/2.2.0/lib/ruby/gems/2.2.0/gems/web-console-2.0.0/lib/action_dispatch/templates/rescues/_trace.text.erb (0.6ms)
  Rendered /Users/patrickogrady/.rbenv/versions/2.2.0/lib/ruby/gems/2.2.0/gems/web-console-2.0.0/lib/action_dispatch/templates/rescues/routing_error.text.erb (18.8ms)


Started GET "/companies/sidekick/localhost/company_data.json" for 127.0.0.1 at 2015-01-03 12:00:07 -0500

ActionController::RoutingError (No route matches [GET] "/companies/sidekick/localhost/company_data.json"):
  web-console (2.0.0) lib/action_dispatch/debug_exceptions.rb:22:in `middleware_call'
  web-console (2.0.0) lib/action_dispatch/debug_exceptions.rb:13:in `call'
  actionpack (4.1.8) lib/action_dispatch/middleware/show_exceptions.rb:30:in `call'
  railties (4.1.8) lib/rails/rack/logger.rb:38:in `call_app'
  railties (4.1.8) lib/rails/rack/logger.rb:20:in `block in call'
  activesupport (4.1.8) lib/active_support/tagged_logging.rb:68:in `block in tagged'
  activesupport (4.1.8) lib/active_support/tagged_logging.rb:26:in `tagged'
  activesupport (4.1.8) lib/active_support/tagged_logging.rb:68:in `tagged'
  railties (4.1.8) lib/rails/rack/logger.rb:20:in `call'
  quiet_assets (1.1.0) lib/quiet_assets.rb:27:in `call_with_quiet_assets'
  actionpack (4.1.8) lib/action_dispatch/middleware/request_id.rb:21:in `call'
  rack (1.5.2) lib/rack/methodoverride.rb:21:in `call'
  rack (1.5.2) lib/rack/runtime.rb:17:in `call'
  activesupport (4.1.8) lib/active_support/cache/strategy/local_cache_middleware.rb:26:in `call'
  rack (1.5.2) lib/rack/lock.rb:17:in `call'
  actionpack (4.1.8) lib/action_dispatch/middleware/static.rb:84:in `call'
  rack (1.5.2) lib/rack/sendfile.rb:112:in `call'
  honeybadger (1.16.7) lib/honeybadger/rack/error_notifier.rb:43:in `call'
  honeybadger (1.16.7) lib/honeybadger/rack/user_feedback.rb:24:in `call'
  honeybadger (1.16.7) lib/honeybadger/rack/user_informer.rb:13:in `call'
  railties (4.1.8) lib/rails/engine.rb:514:in `call'
  railties (4.1.8) lib/rails/application.rb:144:in `call'
  rack (1.5.2) lib/rack/content_length.rb:14:in `call'
  thin (1.6.3) lib/thin/connection.rb:86:in `block in pre_process'
  thin (1.6.3) lib/thin/connection.rb:84:in `catch'
  thin (1.6.3) lib/thin/connection.rb:84:in `pre_process'
  thin (1.6.3) lib/thin/connection.rb:53:in `process'
  thin (1.6.3) lib/thin/connection.rb:39:in `receive_data'
  eventmachine (1.0.4) lib/eventmachine.rb:187:in `run_machine'
  eventmachine (1.0.4) lib/eventmachine.rb:187:in `run'
  thin (1.6.3) lib/thin/backends/base.rb:73:in `start'
  thin (1.6.3) lib/thin/server.rb:162:in `start'
  rack (1.5.2) lib/rack/handler/thin.rb:16:in `run'
  rack (1.5.2) lib/rack/server.rb:264:in `start'
  railties (4.1.8) lib/rails/commands/server.rb:69:in `start'
  railties (4.1.8) lib/rails/commands/commands_tasks.rb:81:in `block in server'
  railties (4.1.8) lib/rails/commands/commands_tasks.rb:76:in `tap'
  railties (4.1.8) lib/rails/commands/commands_tasks.rb:76:in `server'
  railties (4.1.8) lib/rails/commands/commands_tasks.rb:40:in `run_command!'
  railties (4.1.8) lib/rails/commands.rb:17:in `<top (required)>'
  bin/rails:8:in `require'
  bin/rails:8:in `<top (required)>'
  spring (1.2.0) lib/spring/client/rails.rb:27:in `load'
  spring (1.2.0) lib/spring/client/rails.rb:27:in `call'
  spring (1.2.0) lib/spring/client/command.rb:7:in `call'
  spring (1.2.0) lib/spring/client.rb:26:in `run'
  spring (1.2.0) bin/spring:48:in `<top (required)>'
  spring (1.2.0) lib/spring/binstub.rb:11:in `load'
  spring (1.2.0) lib/spring/binstub.rb:11:in `<top (required)>'
  /Users/patrickogrady/.rbenv/versions/2.2.0/lib/ruby/2.2.0/rubygems/core_ext/kernel_require.rb:54:in `require'
  /Users/patrickogrady/.rbenv/versions/2.2.0/lib/ruby/2.2.0/rubygems/core_ext/kernel_require.rb:54:in `require'
  bin/spring:16:in `<top (required)>'
  bin/rails:3:in `load'
  bin/rails:3:in `<main>'


  Rendered /Users/patrickogrady/.rbenv/versions/2.2.0/lib/ruby/gems/2.2.0/gems/web-console-2.0.0/lib/action_dispatch/templates/rescues/_trace.text.erb (0.5ms)
  Rendered /Users/patrickogrady/.rbenv/versions/2.2.0/lib/ruby/gems/2.2.0/gems/web-console-2.0.0/lib/action_dispatch/templates/rescues/routing_error.text.erb (15.7ms)


Started GET "/pages/contact_us" for 127.0.0.1 at 2015-01-03 12:00:08 -0500

ActionController::RoutingError (No route matches [GET] "/pages/contact_us"):
  web-console (2.0.0) lib/action_dispatch/debug_exceptions.rb:22:in `middleware_call'
  web-console (2.0.0) lib/action_dispatch/debug_exceptions.rb:13:in `call'
  actionpack (4.1.8) lib/action_dispatch/middleware/show_exceptions.rb:30:in `call'
  railties (4.1.8) lib/rails/rack/logger.rb:38:in `call_app'
  railties (4.1.8) lib/rails/rack/logger.rb:20:in `block in call'
  activesupport (4.1.8) lib/active_support/tagged_logging.rb:68:in `block in tagged'
  activesupport (4.1.8) lib/active_support/tagged_logging.rb:26:in `tagged'
  activesupport (4.1.8) lib/active_support/tagged_logging.rb:68:in `tagged'
  railties (4.1.8) lib/rails/rack/logger.rb:20:in `call'
  quiet_assets (1.1.0) lib/quiet_assets.rb:27:in `call_with_quiet_assets'
  actionpack (4.1.8) lib/action_dispatch/middleware/request_id.rb:21:in `call'
  rack (1.5.2) lib/rack/methodoverride.rb:21:in `call'
  rack (1.5.2) lib/rack/runtime.rb:17:in `call'
  activesupport (4.1.8) lib/active_support/cache/strategy/local_cache_middleware.rb:26:in `call'
  rack (1.5.2) lib/rack/lock.rb:17:in `call'
  actionpack (4.1.8) lib/action_dispatch/middleware/static.rb:84:in `call'
  rack (1.5.2) lib/rack/sendfile.rb:112:in `call'
  honeybadger (1.16.7) lib/honeybadger/rack/error_notifier.rb:43:in `call'
  honeybadger (1.16.7) lib/honeybadger/rack/user_feedback.rb:24:in `call'
  honeybadger (1.16.7) lib/honeybadger/rack/user_informer.rb:13:in `call'
  railties (4.1.8) lib/rails/engine.rb:514:in `call'
  railties (4.1.8) lib/rails/application.rb:144:in `call'
  rack (1.5.2) lib/rack/content_length.rb:14:in `call'
  thin (1.6.3) lib/thin/connection.rb:86:in `block in pre_process'
  thin (1.6.3) lib/thin/connection.rb:84:in `catch'
  thin (1.6.3) lib/thin/connection.rb:84:in `pre_process'
  thin (1.6.3) lib/thin/connection.rb:53:in `process'
  thin (1.6.3) lib/thin/connection.rb:39:in `receive_data'
  eventmachine (1.0.4) lib/eventmachine.rb:187:in `run_machine'
  eventmachine (1.0.4) lib/eventmachine.rb:187:in `run'
  thin (1.6.3) lib/thin/backends/base.rb:73:in `start'
  thin (1.6.3) lib/thin/server.rb:162:in `start'
  rack (1.5.2) lib/rack/handler/thin.rb:16:in `run'
  rack (1.5.2) lib/rack/server.rb:264:in `start'
  railties (4.1.8) lib/rails/commands/server.rb:69:in `start'
  railties (4.1.8) lib/rails/commands/commands_tasks.rb:81:in `block in server'
  railties (4.1.8) lib/rails/commands/commands_tasks.rb:76:in `tap'
  railties (4.1.8) lib/rails/commands/commands_tasks.rb:76:in `server'
  railties (4.1.8) lib/rails/commands/commands_tasks.rb:40:in `run_command!'
  railties (4.1.8) lib/rails/commands.rb:17:in `<top (required)>'
  bin/rails:8:in `require'
  bin/rails:8:in `<top (required)>'
  spring (1.2.0) lib/spring/client/rails.rb:27:in `load'
  spring (1.2.0) lib/spring/client/rails.rb:27:in `call'
  spring (1.2.0) lib/spring/client/command.rb:7:in `call'
  spring (1.2.0) lib/spring/client.rb:26:in `run'
  spring (1.2.0) bin/spring:48:in `<top (required)>'
  spring (1.2.0) lib/spring/binstub.rb:11:in `load'
  spring (1.2.0) lib/spring/binstub.rb:11:in `<top (required)>'
  /Users/patrickogrady/.rbenv/versions/2.2.0/lib/ruby/2.2.0/rubygems/core_ext/kernel_require.rb:54:in `require'
  /Users/patrickogrady/.rbenv/versions/2.2.0/lib/ruby/2.2.0/rubygems/core_ext/kernel_require.rb:54:in `require'
  bin/spring:16:in `<top (required)>'
  bin/rails:3:in `load'
  bin/rails:3:in `<main>'


  Rendered /Users/patrickogrady/.rbenv/versions/2.2.0/lib/ruby/gems/2.2.0/gems/web-console-2.0.0/lib/action_dispatch/templates/rescues/_trace.html.erb (1.7ms)
  Rendered /Users/patrickogrady/.rbenv/versions/2.2.0/lib/ruby/gems/2.2.0/gems/web-console-2.0.0/lib/action_dispatch/templates/routes/_route.html.erb (3.7ms)
  Rendered /Users/patrickogrady/.rbenv/versions/2.2.0/lib/ruby/gems/2.2.0/gems/web-console-2.0.0/lib/action_dispatch/templates/routes/_table.html.erb (1.7ms)
  Rendered /Users/patrickogrady/.rbenv/versions/2.2.0/lib/ruby/gems/2.2.0/gems/web-console-2.0.0/lib/action_dispatch/templates/rescues/_request_and_response.html.erb (1.2ms)
  Rendered /Users/patrickogrady/.rbenv/versions/2.2.0/lib/ruby/gems/2.2.0/gems/web-console-2.0.0/lib/action_dispatch/templates/rescues/_web_console.html.erb (0.9ms)
  Rendered /Users/patrickogrady/.rbenv/versions/2.2.0/lib/ruby/gems/2.2.0/gems/web-console-2.0.0/lib/action_dispatch/templates/rescues/routing_error.html.erb within rescues/layout (137.1ms)


Started GET "/companies/sidekick/localhost/company_data.json" for 127.0.0.1 at 2015-01-03 12:00:09 -0500

ActionController::RoutingError (No route matches [GET] "/companies/sidekick/localhost/company_data.json"):
  web-console (2.0.0) lib/action_dispatch/debug_exceptions.rb:22:in `middleware_call'
  web-console (2.0.0) lib/action_dispatch/debug_exceptions.rb:13:in `call'
  actionpack (4.1.8) lib/action_dispatch/middleware/show_exceptions.rb:30:in `call'
  railties (4.1.8) lib/rails/rack/logger.rb:38:in `call_app'
  railties (4.1.8) lib/rails/rack/logger.rb:20:in `block in call'
  activesupport (4.1.8) lib/active_support/tagged_logging.rb:68:in `block in tagged'
  activesupport (4.1.8) lib/active_support/tagged_logging.rb:26:in `tagged'
  activesupport (4.1.8) lib/active_support/tagged_logging.rb:68:in `tagged'
  railties (4.1.8) lib/rails/rack/logger.rb:20:in `call'
  quiet_assets (1.1.0) lib/quiet_assets.rb:27:in `call_with_quiet_assets'
  actionpack (4.1.8) lib/action_dispatch/middleware/request_id.rb:21:in `call'
  rack (1.5.2) lib/rack/methodoverride.rb:21:in `call'
  rack (1.5.2) lib/rack/runtime.rb:17:in `call'
  activesupport (4.1.8) lib/active_support/cache/strategy/local_cache_middleware.rb:26:in `call'
  rack (1.5.2) lib/rack/lock.rb:17:in `call'
  actionpack (4.1.8) lib/action_dispatch/middleware/static.rb:84:in `call'
  rack (1.5.2) lib/rack/sendfile.rb:112:in `call'
  honeybadger (1.16.7) lib/honeybadger/rack/error_notifier.rb:43:in `call'
  honeybadger (1.16.7) lib/honeybadger/rack/user_feedback.rb:24:in `call'
  honeybadger (1.16.7) lib/honeybadger/rack/user_informer.rb:13:in `call'
  railties (4.1.8) lib/rails/engine.rb:514:in `call'
  railties (4.1.8) lib/rails/application.rb:144:in `call'
  rack (1.5.2) lib/rack/content_length.rb:14:in `call'
  thin (1.6.3) lib/thin/connection.rb:86:in `block in pre_process'
  thin (1.6.3) lib/thin/connection.rb:84:in `catch'
  thin (1.6.3) lib/thin/connection.rb:84:in `pre_process'
  thin (1.6.3) lib/thin/connection.rb:53:in `process'
  thin (1.6.3) lib/thin/connection.rb:39:in `receive_data'
  eventmachine (1.0.4) lib/eventmachine.rb:187:in `run_machine'
  eventmachine (1.0.4) lib/eventmachine.rb:187:in `run'
  thin (1.6.3) lib/thin/backends/base.rb:73:in `start'
  thin (1.6.3) lib/thin/server.rb:162:in `start'
  rack (1.5.2) lib/rack/handler/thin.rb:16:in `run'
  rack (1.5.2) lib/rack/server.rb:264:in `start'
  railties (4.1.8) lib/rails/commands/server.rb:69:in `start'
  railties (4.1.8) lib/rails/commands/commands_tasks.rb:81:in `block in server'
  railties (4.1.8) lib/rails/commands/commands_tasks.rb:76:in `tap'
  railties (4.1.8) lib/rails/commands/commands_tasks.rb:76:in `server'
  railties (4.1.8) lib/rails/commands/commands_tasks.rb:40:in `run_command!'
  railties (4.1.8) lib/rails/commands.rb:17:in `<top (required)>'
  bin/rails:8:in `require'
  bin/rails:8:in `<top (required)>'
  spring (1.2.0) lib/spring/client/rails.rb:27:in `load'
  spring (1.2.0) lib/spring/client/rails.rb:27:in `call'
  spring (1.2.0) lib/spring/client/command.rb:7:in `call'
  spring (1.2.0) lib/spring/client.rb:26:in `run'
  spring (1.2.0) bin/spring:48:in `<top (required)>'
  spring (1.2.0) lib/spring/binstub.rb:11:in `load'
  spring (1.2.0) lib/spring/binstub.rb:11:in `<top (required)>'
  /Users/patrickogrady/.rbenv/versions/2.2.0/lib/ruby/2.2.0/rubygems/core_ext/kernel_require.rb:54:in `require'
  /Users/patrickogrady/.rbenv/versions/2.2.0/lib/ruby/2.2.0/rubygems/core_ext/kernel_require.rb:54:in `require'
  bin/spring:16:in `<top (required)>'
  bin/rails:3:in `load'
  bin/rails:3:in `<main>'


  Rendered /Users/patrickogrady/.rbenv/versions/2.2.0/lib/ruby/gems/2.2.0/gems/web-console-2.0.0/lib/action_dispatch/templates/rescues/_trace.text.erb (0.5ms)
  Rendered /Users/patrickogrady/.rbenv/versions/2.2.0/lib/ruby/gems/2.2.0/gems/web-console-2.0.0/lib/action_dispatch/templates/rescues/routing_error.text.erb (17.1ms)


Started GET "/companies/sidekick/localhost/company_data.json" for 127.0.0.1 at 2015-01-03 12:00:23 -0500

ActionController::RoutingError (No route matches [GET] "/companies/sidekick/localhost/company_data.json"):
  web-console (2.0.0) lib/action_dispatch/debug_exceptions.rb:22:in `middleware_call'
  web-console (2.0.0) lib/action_dispatch/debug_exceptions.rb:13:in `call'
  actionpack (4.1.8) lib/action_dispatch/middleware/show_exceptions.rb:30:in `call'
  railties (4.1.8) lib/rails/rack/logger.rb:38:in `call_app'
  railties (4.1.8) lib/rails/rack/logger.rb:20:in `block in call'
  activesupport (4.1.8) lib/active_support/tagged_logging.rb:68:in `block in tagged'
  activesupport (4.1.8) lib/active_support/tagged_logging.rb:26:in `tagged'
  activesupport (4.1.8) lib/active_support/tagged_logging.rb:68:in `tagged'
  railties (4.1.8) lib/rails/rack/logger.rb:20:in `call'
  quiet_assets (1.1.0) lib/quiet_assets.rb:27:in `call_with_quiet_assets'
  actionpack (4.1.8) lib/action_dispatch/middleware/request_id.rb:21:in `call'
  rack (1.5.2) lib/rack/methodoverride.rb:21:in `call'
  rack (1.5.2) lib/rack/runtime.rb:17:in `call'
  activesupport (4.1.8) lib/active_support/cache/strategy/local_cache_middleware.rb:26:in `call'
  rack (1.5.2) lib/rack/lock.rb:17:in `call'
  actionpack (4.1.8) lib/action_dispatch/middleware/static.rb:84:in `call'
  rack (1.5.2) lib/rack/sendfile.rb:112:in `call'
  honeybadger (1.16.7) lib/honeybadger/rack/error_notifier.rb:43:in `call'
  honeybadger (1.16.7) lib/honeybadger/rack/user_feedback.rb:24:in `call'
  honeybadger (1.16.7) lib/honeybadger/rack/user_informer.rb:13:in `call'
  railties (4.1.8) lib/rails/engine.rb:514:in `call'
  railties (4.1.8) lib/rails/application.rb:144:in `call'
  rack (1.5.2) lib/rack/content_length.rb:14:in `call'
  thin (1.6.3) lib/thin/connection.rb:86:in `block in pre_process'
  thin (1.6.3) lib/thin/connection.rb:84:in `catch'
  thin (1.6.3) lib/thin/connection.rb:84:in `pre_process'
  thin (1.6.3) lib/thin/connection.rb:53:in `process'
  thin (1.6.3) lib/thin/connection.rb:39:in `receive_data'
  eventmachine (1.0.4) lib/eventmachine.rb:187:in `run_machine'
  eventmachine (1.0.4) lib/eventmachine.rb:187:in `run'
  thin (1.6.3) lib/thin/backends/base.rb:73:in `start'
  thin (1.6.3) lib/thin/server.rb:162:in `start'
  rack (1.5.2) lib/rack/handler/thin.rb:16:in `run'
  rack (1.5.2) lib/rack/server.rb:264:in `start'
  railties (4.1.8) lib/rails/commands/server.rb:69:in `start'
  railties (4.1.8) lib/rails/commands/commands_tasks.rb:81:in `block in server'
  railties (4.1.8) lib/rails/commands/commands_tasks.rb:76:in `tap'
  railties (4.1.8) lib/rails/commands/commands_tasks.rb:76:in `server'
  railties (4.1.8) lib/rails/commands/commands_tasks.rb:40:in `run_command!'
  railties (4.1.8) lib/rails/commands.rb:17:in `<top (required)>'
  bin/rails:8:in `require'
  bin/rails:8:in `<top (required)>'
  spring (1.2.0) lib/spring/client/rails.rb:27:in `load'
  spring (1.2.0) lib/spring/client/rails.rb:27:in `call'
  spring (1.2.0) lib/spring/client/command.rb:7:in `call'
  spring (1.2.0) lib/spring/client.rb:26:in `run'
  spring (1.2.0) bin/spring:48:in `<top (required)>'
  spring (1.2.0) lib/spring/binstub.rb:11:in `load'
  spring (1.2.0) lib/spring/binstub.rb:11:in `<top (required)>'
  /Users/patrickogrady/.rbenv/versions/2.2.0/lib/ruby/2.2.0/rubygems/core_ext/kernel_require.rb:54:in `require'
  /Users/patrickogrady/.rbenv/versions/2.2.0/lib/ruby/2.2.0/rubygems/core_ext/kernel_require.rb:54:in `require'
  bin/spring:16:in `<top (required)>'
  bin/rails:3:in `load'
  bin/rails:3:in `<main>'


  Rendered /Users/patrickogrady/.rbenv/versions/2.2.0/lib/ruby/gems/2.2.0/gems/web-console-2.0.0/lib/action_dispatch/templates/rescues/_trace.text.erb (0.6ms)
  Rendered /Users/patrickogrady/.rbenv/versions/2.2.0/lib/ruby/gems/2.2.0/gems/web-console-2.0.0/lib/action_dispatch/templates/rescues/routing_error.text.erb (17.8ms)


Started GET "/" for 127.0.0.1 at 2015-01-03 12:00:25 -0500
Processing by Devise::SessionsController#new as HTML
  Rendered users/shared/_links.erb (0.4ms)
  Rendered users/sessions/new.html.erb within layouts/application (15.3ms)
  Rendered shared/_user_right_nav.html.erb (0.3ms)
  Rendered shared/_nav.html.erb (2.8ms)
Completed 200 OK in 48ms (Views: 47.6ms | ActiveRecord: 0.0ms)


Started GET "/companies/sidekick/localhost/company_data.json" for 127.0.0.1 at 2015-01-03 12:00:25 -0500

ActionController::RoutingError (No route matches [GET] "/companies/sidekick/localhost/company_data.json"):
  web-console (2.0.0) lib/action_dispatch/debug_exceptions.rb:22:in `middleware_call'
  web-console (2.0.0) lib/action_dispatch/debug_exceptions.rb:13:in `call'
  actionpack (4.1.8) lib/action_dispatch/middleware/show_exceptions.rb:30:in `call'
  railties (4.1.8) lib/rails/rack/logger.rb:38:in `call_app'
  railties (4.1.8) lib/rails/rack/logger.rb:20:in `block in call'
  activesupport (4.1.8) lib/active_support/tagged_logging.rb:68:in `block in tagged'
  activesupport (4.1.8) lib/active_support/tagged_logging.rb:26:in `tagged'
  activesupport (4.1.8) lib/active_support/tagged_logging.rb:68:in `tagged'
  railties (4.1.8) lib/rails/rack/logger.rb:20:in `call'
  quiet_assets (1.1.0) lib/quiet_assets.rb:27:in `call_with_quiet_assets'
  actionpack (4.1.8) lib/action_dispatch/middleware/request_id.rb:21:in `call'
  rack (1.5.2) lib/rack/methodoverride.rb:21:in `call'
  rack (1.5.2) lib/rack/runtime.rb:17:in `call'
  activesupport (4.1.8) lib/active_support/cache/strategy/local_cache_middleware.rb:26:in `call'
  rack (1.5.2) lib/rack/lock.rb:17:in `call'
  actionpack (4.1.8) lib/action_dispatch/middleware/static.rb:84:in `call'
  rack (1.5.2) lib/rack/sendfile.rb:112:in `call'
  honeybadger (1.16.7) lib/honeybadger/rack/error_notifier.rb:43:in `call'
  honeybadger (1.16.7) lib/honeybadger/rack/user_feedback.rb:24:in `call'
  honeybadger (1.16.7) lib/honeybadger/rack/user_informer.rb:13:in `call'
  railties (4.1.8) lib/rails/engine.rb:514:in `call'
  railties (4.1.8) lib/rails/application.rb:144:in `call'
  rack (1.5.2) lib/rack/content_length.rb:14:in `call'
  thin (1.6.3) lib/thin/connection.rb:86:in `block in pre_process'
  thin (1.6.3) lib/thin/connection.rb:84:in `catch'
  thin (1.6.3) lib/thin/connection.rb:84:in `pre_process'
  thin (1.6.3) lib/thin/connection.rb:53:in `process'
  thin (1.6.3) lib/thin/connection.rb:39:in `receive_data'
  eventmachine (1.0.4) lib/eventmachine.rb:187:in `run_machine'
  eventmachine (1.0.4) lib/eventmachine.rb:187:in `run'
  thin (1.6.3) lib/thin/backends/base.rb:73:in `start'
  thin (1.6.3) lib/thin/server.rb:162:in `start'
  rack (1.5.2) lib/rack/handler/thin.rb:16:in `run'
  rack (1.5.2) lib/rack/server.rb:264:in `start'
  railties (4.1.8) lib/rails/commands/server.rb:69:in `start'
  railties (4.1.8) lib/rails/commands/commands_tasks.rb:81:in `block in server'
  railties (4.1.8) lib/rails/commands/commands_tasks.rb:76:in `tap'
  railties (4.1.8) lib/rails/commands/commands_tasks.rb:76:in `server'
  railties (4.1.8) lib/rails/commands/commands_tasks.rb:40:in `run_command!'
  railties (4.1.8) lib/rails/commands.rb:17:in `<top (required)>'
  bin/rails:8:in `require'
  bin/rails:8:in `<top (required)>'
  spring (1.2.0) lib/spring/client/rails.rb:27:in `load'
  spring (1.2.0) lib/spring/client/rails.rb:27:in `call'
  spring (1.2.0) lib/spring/client/command.rb:7:in `call'
  spring (1.2.0) lib/spring/client.rb:26:in `run'
  spring (1.2.0) bin/spring:48:in `<top (required)>'
  spring (1.2.0) lib/spring/binstub.rb:11:in `load'
  spring (1.2.0) lib/spring/binstub.rb:11:in `<top (required)>'
  /Users/patrickogrady/.rbenv/versions/2.2.0/lib/ruby/2.2.0/rubygems/core_ext/kernel_require.rb:54:in `require'
  /Users/patrickogrady/.rbenv/versions/2.2.0/lib/ruby/2.2.0/rubygems/core_ext/kernel_require.rb:54:in `require'
  bin/spring:16:in `<top (required)>'
  bin/rails:3:in `load'
  bin/rails:3:in `<main>'


  Rendered /Users/patrickogrady/.rbenv/versions/2.2.0/lib/ruby/gems/2.2.0/gems/web-console-2.0.0/lib/action_dispatch/templates/rescues/_trace.text.erb (0.4ms)
  Rendered /Users/patrickogrady/.rbenv/versions/2.2.0/lib/ruby/gems/2.2.0/gems/web-console-2.0.0/lib/action_dispatch/templates/rescues/routing_error.text.erb (15.4ms)
